<?xml version="1.0" encoding="UTF-8"?>
<!-- Generated by org.testng.reporters.JUnitReportReporter -->
<testsuite hostname="DESKTOP-ETC3NUR" failures="0" tests="1" name="Test_suit.B_Test" time="33.837" errors="0" timestamp="2022-05-01T04:54:35 EET" skipped="0">
  <testcase classname="Test_suit.B_Test" name="f" time="33.837"/>
  <system-out/>
</testsuite> <!-- Test_suit.B_Test -->
