<?xml version="1.0" encoding="UTF-8"?>
<!-- Generated by org.testng.reporters.JUnitReportReporter -->
<testsuite hostname="DESKTOP-ETC3NUR" failures="0" tests="1" name="Test_suit.A_test" time="70.053" errors="0" timestamp="2022-05-01T04:54:35 EET" skipped="0">
  <testcase classname="Test_suit.A_test" name="f" time="70.053"/>
  <system-out/>
</testsuite> <!-- Test_suit.A_test -->
