<?xml version="1.0" encoding="UTF-8"?>
<!-- Generated by org.testng.reporters.JUnitReportReporter -->
<testsuite hostname="DESKTOP-ETC3NUR" failures="0" tests="1" name="banna.promo_code" time="24.097" errors="0" timestamp="2022-05-01T06:44:26 EET" skipped="0">
  <testcase classname="banna.promo_code" name="f" time="24.097"/>
  <system-out/>
</testsuite> <!-- banna.promo_code -->
