<?xml version="1.0" encoding="UTF-8"?>
<!-- Generated by org.testng.reporters.JUnitReportReporter -->
<testsuite hostname="DESKTOP-ETC3NUR" failures="0" tests="1" name="banna.NewTest" time="85.548" errors="0" timestamp="2022-05-01T00:16:57 EET" skipped="0">
  <testcase classname="banna.NewTest" name="f" time="85.548"/>
  <system-out/>
</testsuite> <!-- banna.NewTest -->
