<?xml version="1.0" encoding="UTF-8"?>
<!-- Generated by org.testng.reporters.JUnitReportReporter -->
<testsuite hostname="DESKTOP-ETC3NUR" failures="0" tests="1" name="banna.Remove_item" time="40.453" errors="0" timestamp="2022-05-01T06:44:26 EET" skipped="0">
  <testcase classname="banna.Remove_item" name="f" time="40.453"/>
  <system-out/>
</testsuite> <!-- banna.Remove_item -->
