<?xml version="1.0" encoding="UTF-8"?>
<!-- Generated by org.testng.reporters.JUnitReportReporter -->
<testsuite hostname="DESKTOP-ETC3NUR" failures="0" tests="1" name="banna.ADD_TO_CART" time="79.763" errors="0" timestamp="2022-05-01T06:44:26 EET" skipped="0">
  <testcase classname="banna.ADD_TO_CART" name="f" time="79.763"/>
  <system-out/>
</testsuite> <!-- banna.ADD_TO_CART -->
