<?xml version="1.0" encoding="UTF-8"?>
<!-- Generated by org.testng.reporters.JUnitReportReporter -->
<testsuite hostname="DESKTOP-ETC3NUR" failures="0" tests="1" name="banna.increment_item" time="50.462" errors="0" timestamp="2022-05-01T06:44:26 EET" skipped="0">
  <testcase classname="banna.increment_item" name="f" time="50.462"/>
  <system-out/>
</testsuite> <!-- banna.increment_item -->
